<?xml version="1.0" encoding="UTF-8"?>
<!-- Generated by org.testng.reporters.JUnitReportReporter -->
<testsuite skipped="0" hostname="DESKTOP-NCJM12M" name="demo.TestNGAnnotations" tests="2" failures="0" timestamp="08 Mar 2022 19:14:09 GMT" time="0.000" errors="0">
  <testcase name="testOne" time="0.000" classname="demo.TestNGAnnotations"/>
  <testcase name="testTwo" time="0.000" classname="demo.TestNGAnnotations"/>
</testsuite> <!-- demo.TestNGAnnotations -->
