<?xml version="1.0" encoding="UTF-8"?>
<!-- Generated by org.testng.reporters.JUnitReportReporter -->
<testsuite skipped="0" hostname="DESKTOP-NCJM12M" name="demo.ImplicitAndExpilicitWait_herokuapp" tests="2" failures="0" timestamp="10 Mar 2022 17:56:23 GMT" time="26.877" errors="0">
  <testcase name="handleExample2" time="12.510" classname="demo.ImplicitAndExpilicitWait_herokuapp"/>
  <testcase name="handleExample1" time="14.367" classname="demo.ImplicitAndExpilicitWait_herokuapp"/>
</testsuite> <!-- demo.ImplicitAndExpilicitWait_herokuapp -->
