<?xml version="1.0" encoding="UTF-8"?>
<!-- Generated by org.testng.reporters.JUnitReportReporter -->
<testsuite skipped="0" hostname="DESKTOP-NCJM12M" name="orangeHRM.NegativeAndPossitiveLoginValidation" tests="2" failures="0" timestamp="11 Mar 2022 17:05:17 GMT" time="20.606" errors="0">
  <testcase name="positiveLogin" time="10.183" classname="orangeHRM.NegativeAndPossitiveLoginValidation"/>
  <testcase name="negativeLogin" time="10.423" classname="orangeHRM.NegativeAndPossitiveLoginValidation"/>
</testsuite> <!-- orangeHRM.NegativeAndPossitiveLoginValidation -->
