<?xml version="1.0" encoding="UTF-8"?>
<!-- Generated by org.testng.reporters.JUnitReportReporter -->
<testsuite skipped="0" hostname="DESKTOP-NCJM12M" name="orangeHRM.TitleAndLoginValidation" tests="3" failures="0" timestamp="10 Mar 2022 06:11:13 GMT" time="26.652" errors="0">
  <testcase name="logoValidation" time="7.287" classname="orangeHRM.TitleAndLoginValidation"/>
  <testcase name="titleValidation" time="10.019" classname="orangeHRM.TitleAndLoginValidation"/>
  <testcase name="loginValidation" time="9.346" classname="orangeHRM.TitleAndLoginValidation"/>
</testsuite> <!-- orangeHRM.TitleAndLoginValidation -->
