<?xml version="1.0" encoding="UTF-8"?>
<!-- Generated by org.testng.reporters.JUnitReportReporter -->
<testsuite skipped="0" hostname="DESKTOP-NCJM12M" name="demo.MoreTestNGAnnotations" tests="2" failures="0" timestamp="08 Mar 2022 19:50:41 GMT" time="0.006" errors="0">
  <testcase name="testOne" time="0.005" classname="demo.MoreTestNGAnnotations"/>
  <testcase name="testTwo" time="0.001" classname="demo.MoreTestNGAnnotations"/>
</testsuite> <!-- demo.MoreTestNGAnnotations -->
