<?xml version="1.0" encoding="UTF-8"?>
<!-- Generated by org.testng.reporters.JUnitReportReporter -->
<testsuite skipped="0" hostname="DESKTOP-NCJM12M" name="demo.TestNGDemo" tests="3" failures="0" timestamp="08 Mar 2022 18:52:03 GMT" time="0.010" errors="0">
  <testcase name="testOne" time="0.008" classname="demo.TestNGDemo"/>
  <testcase name="testTwo" time="0.000" classname="demo.TestNGDemo"/>
  <testcase name="testThree" time="0.002" classname="demo.TestNGDemo"/>
</testsuite> <!-- demo.TestNGDemo -->
